
6월 17, 2021 15:48:16.36 NEW SESSION
6월 17, 2021 15:48:16.37 [7856:4940:0617/154816.163:ERROR:device_event_log_impl.cc(214)] [15:48:16.162] USB: usb_service_win.cc:258 Failed to get device driver name: 요소가 없습니다. (0x490)
6월 17, 2021 15:48:16.38 [7856:4940:0617/154816.209:ERROR:device_event_log_impl.cc(214)] [15:48:16.209] USB: usb_service_win.cc:281 SetupDiEnumDeviceInterfaces: 사용 가능한 데이터가 없습니다. (0x103)
6월 17, 2021 16:59:40.28 [7856:9892:0617/165940.279:ERROR:mcs_client.cc(755)] Received close command, resetting connection.
6월 17, 2021 18:01:33.09 [7856:9892:0617/180133.090:ERROR:connection_factory_impl.cc(429)] Failed to connect to MCS endpoint with error -105
6월 17, 2021 18:01:38.52 [7856:4940:0617/180138.528:ERROR:device_event_log_impl.cc(214)] [18:01:38.528] USB: usb_service_win.cc:258 Failed to get device driver name: 요소가 없습니다. (0x490)
6월 18, 2021 08:40:51.26 [7856:9892:0618/084051.261:ERROR:connection_factory_impl.cc(429)] Failed to connect to MCS endpoint with error -105
6월 23, 2021 13:45:05.43 [19144:6264:0623/134505.435:ERROR:device_event_log_impl.cc(214)] [13:45:05.434] USB: usb_service_win.cc:258 Failed to get device driver name: 요소가 없습니다. (0x490)
6월 23, 2021 18:57:07.56 [19144:11820:0623/185707.560:ERROR:connection_factory_impl.cc(429)] Failed to connect to MCS endpoint with error -109
6월 24, 2021 07:57:32.29 [19144:11820:0624/075732.292:ERROR:connection_factory_impl.cc(429)] Failed to connect to MCS endpoint with error -105
6월 24, 2021 07:57:32.32 [19144:13676:0624/075732.323:ERROR:get_updates_processor.cc(255)] PostClientToServerMessage() failed during GetUpdates with error 2
6월 25, 2021 24:54:01.38 [19144:11820:0625/005401.384:ERROR:connection_factory_impl.cc(429)] Failed to connect to MCS endpoint with error -105

6월 25, 2021 03:29:57.22 NEW SESSION
6월 25, 2021 03:29:57.22 [20572:15448:0625/032957.219:ERROR:device_event_log_impl.cc(214)] [03:29:57.220] USB: usb_device_handle_win.cc:1058 Failed to read descriptor from node connection: 시스템에 부착된 장치가 작동하지 않습니다. (0x1F)
6월 25, 2021 13:57:57.44 [13704:1124:0625/135757.440:ERROR:device_event_log_impl.cc(214)] [13:57:57.430] USB: usb_service_win.cc:258 Failed to get device driver name: 요소가 없습니다. (0x490)
6월 26, 2021 22:16:51.91 [13704:15868:0626/221651.800:ERROR:connection_factory_impl.cc(429)] Failed to connect to MCS endpoint with error -106
6월 26, 2021 22:16:51.95 [13704:21060:0626/221651.830:ERROR:get_updates_processor.cc(255)] PostClientToServerMessage() failed during GetUpdates with error 2
6월 26, 2021 22:17:09.02 [13704:15868:0626/221709.028:ERROR:connection_factory_impl.cc(429)] Failed to connect to MCS endpoint with error -105
6월 26, 2021 22:17:20.08 [13704:10884:0626/221720.084:ERROR:get_updates_processor.cc(255)] PostClientToServerMessage() failed during GetUpdates with error 2
6월 26, 2021 22:17:22.10 [13704:15868:0626/221722.100:ERROR:connection_factory_impl.cc(429)] Failed to connect to MCS endpoint with error -105
6월 26, 2021 22:17:22.45 [13704:10884:0626/221722.450:ERROR:get_updates_processor.cc(255)] PostClientToServerMessage() failed during GetUpdates with error 2
6월 26, 2021 22:17:25.49 [13704:15868:0626/221725.493:ERROR:connection_factory_impl.cc(429)] Failed to connect to MCS endpoint with error -106
6월 26, 2021 22:17:41.56 [13704:15868:0626/221741.565:ERROR:connection_factory_impl.cc(429)] Failed to connect to MCS endpoint with error -105
6월 26, 2021 22:17:41.56 [13704:21060:0626/221741.565:ERROR:get_updates_processor.cc(255)] PostClientToServerMessage() failed during GetUpdates with error 2
6월 26, 2021 22:17:41.56 [13704:21060:0626/221741.565:ERROR:get_updates_processor.cc(255)] PostClientToServerMessage() failed during GetUpdates with error 2
6월 27, 2021 07:23:20.07 [13704:15868:0627/072320.079:ERROR:connection_factory_impl.cc(429)] Failed to connect to MCS endpoint with error -109
6월 27, 2021 15:31:06.59 [13704:15868:0627/153106.593:ERROR:connection_factory_impl.cc(429)] Failed to connect to MCS endpoint with error -105
6월 29, 2021 08:58:32.45 [13704:15868:0629/085832.459:ERROR:connection_factory_impl.cc(429)] Failed to connect to MCS endpoint with error -105
6월 29, 2021 08:58:39.48 [13704:15868:0629/085839.477:ERROR:connection_factory_impl.cc(429)] Failed to connect to MCS endpoint with error -105
6월 29, 2021 09:59:27.93 [13704:15868:0629/095927.932:ERROR:connection_factory_impl.cc(429)] Failed to connect to MCS endpoint with error -106
6월 29, 2021 09:59:56.67 [13704:15868:0629/095956.676:ERROR:connection_factory_impl.cc(429)] Failed to connect to MCS endpoint with error -106
6월 29, 2021 10:00:03.11 [13704:15868:0629/100003.115:ERROR:connection_factory_impl.cc(429)] Failed to connect to MCS endpoint with error -105
6월 29, 2021 11:55:34.11 [6600:18372:0629/115534.112:ERROR:device_event_log_impl.cc(214)] [11:55:34.112] USB: usb_device_handle_win.cc:1058 Failed to read descriptor from node connection: 시스템에 부착된 장치가 작동하지 않습니다. (0x1F)

6월 29, 2021 12:08:59.43 NEW SESSION
6월 29, 2021 12:08:59.43 [11740:18012:0629/120859.432:ERROR:connection_factory_impl.cc(429)] Failed to connect to MCS endpoint with error -118
6월 29, 2021 12:11:00.56 [23988:3932:0629/121100.563:ERROR:connection_factory_impl.cc(429)] Failed to connect to MCS endpoint with error -118

6월 29, 2021 13:56:32.51 NEW SESSION
6월 29, 2021 13:56:32.51 [25784:25144:0629/135632.502:ERROR:connection_factory_impl.cc(429)] Failed to connect to MCS endpoint with error -106
6월 29, 2021 13:56:33.00 [25784:25144:0629/135633.005:ERROR:connection_factory_impl.cc(429)] Failed to connect to MCS endpoint with error -106
6월 29, 2021 13:56:42.09 [25784:16888:0629/135642.096:ERROR:device_event_log_impl.cc(214)] [13:56:42.095] USB: usb_service_win.cc:258 Failed to get device driver name: 요소가 없습니다. (0x490)
6월 30, 2021 07:57:07.19 [25784:25144:0629/225320.373:ERROR:connection_factory_impl.cc(429)] Failed to connect to MCS endpoint with error -109
7월 01, 2021 09:06:15.24 [25784:25144:0701/090614.527:ERROR:connection_factory_impl.cc(429)] Failed to connect to MCS endpoint with error -105
